// 同步 ID: a2020cb2 @ Mon Jun 22 23:57:18 UTC 2026
// 同步 ID: e418b8c3 @ Tue Jun 23 17:03:34 UTC 2026
// 重构日志: 375be145
// 同步 ID: 144f6eac @ Wed Jun 24 10:03:23 UTC 2026
// 重构日志: e97f6056
// 重构日志: c2adad35
// 重构日志: a760216c
// 重构日志: c866f357
// 重构日志: c0f83726
// 重构日志: 26d22c08
// 重构日志: 26d0c6ca
// 重构日志: d8a97e5d
// 同步 ID: 6f962b10 @ Mon Jun 29 15:22:22 UTC 2026
// 重构日志: 09f399b1
// 重构日志: cbfb2989
// 重构日志: 28043799
// 同步 ID: 2cf12cef @ Tue Jun 30 18:02:20 UTC 2026
// 同步 ID: 0a254223 @ Wed Jul  1 11:21:35 UTC 2026
// 重构日志: aac59c40
// 重构日志: 66a7d319
// 重构日志: 728e7a7e
// 重构日志: 72ac064a
// 同步 ID: 4591c493 @ Fri Jul  3 08:50:50 UTC 2026
// 同步 ID: 3dbe7de6 @ Fri Jul  3 14:13:58 UTC 2026
// 重构日志: b0f03416
// 重构日志: ce8f06c2
// 重构日志: 4453d74f
// 重构日志: f5e9b874
// 重构日志: 78b0b7da
// 同步 ID: c9fa92be @ Sat Jul  4 19:53:27 UTC 2026
// 重构日志: f5d5de03
// 重构日志: 647d45fa
// 重构日志: 86c324de
// 重构日志: 55e001b9
// 重构日志: 52ca982b
